# JRE version: Java(TM) SE Runtime Environment (8.0_102-b14) (build 1.8.0_102-b14)
# Java VM: Java HotSpot(TM) 64-Bit Server VM (25.102-b14 mixed mode linux-amd64 compressed oops)
Heap:
 PSYoungGen      total 67584K, used 8164K [0x00000000eab00000, 0x00000000f2f00000, 0x0000000100000000)
  eden space 62464K, 4% used [0x00000000eab00000,0x00000000eadfd7a8,0x00000000ee800000)
  from space 5120K, 99% used [0x00000000ee800000,0x00000000eecfbc50,0x00000000eed00000)
  to   space 5120K, 0% used [0x00000000f2a00000,0x00000000f2a00000,0x00000000f2f00000)
 ParOldGen       total 83456K, used 8121K [0x00000000c0000000, 0x00000000c5180000, 0x00000000eab00000)
  object space 83456K, 9% used [0x00000000c0000000,0x00000000c07ee5f0,0x00000000c5180000)
 Metaspace       used 20282K, capacity 20662K, committed 20864K, reserved 1067008K
  class space    used 2816K, capacity 2943K, committed 2944K, reserved 1048576K
GC Heap History (6 events):
Event: 2,147 GC heap before
{Heap before GC invocations=1 (full 0):
 PSYoungGen      total 36352K, used 31232K [0x00000000eab00000, 0x00000000ed380000, 0x0000000100000000)
  eden space 31232K, 100% used [0x00000000eab00000,0x00000000ec980000,0x00000000ec980000)
  from space 5120K, 0% used [0x00000000ece80000,0x00000000ece80000,0x00000000ed380000)
  to   space 5120K, 0% used [0x00000000ec980000,0x00000000ec980000,0x00000000ece80000)
 ParOldGen       total 83456K, used 0K [0x00000000c0000000, 0x00000000c5180000, 0x00000000eab00000)
  object space 83456K, 0% used [0x00000000c0000000,0x00000000c0000000,0x00000000c5180000)
 Metaspace       used 6806K, capacity 6984K, committed 7168K, reserved 1056768K
  class space    used 856K, capacity 920K, committed 1024K, reserved 1048576K
Event: 2,183 GC heap after
Heap after GC invocations=1 (full 0):
 PSYoungGen      total 36352K, used 4198K [0x00000000eab00000, 0x00000000ef200000, 0x0000000100000000)
  eden space 31232K, 0% used [0x00000000eab00000,0x00000000eab00000,0x00000000ec980000)
  from space 5120K, 82% used [0x00000000ec980000,0x00000000ecd99b48,0x00000000ece80000)
  to   space 5120K, 0% used [0x00000000eed00000,0x00000000eed00000,0x00000000ef200000)
 ParOldGen       total 83456K, used 8K [0x00000000c0000000, 0x00000000c5180000, 0x00000000eab00000)
  object space 83456K, 0% used [0x00000000c0000000,0x00000000c0002000,0x00000000c5180000)
 Metaspace       used 6806K, capacity 6984K, committed 7168K, reserved 1056768K
  class space    used 856K, capacity 920K, committed 1024K, reserved 1048576K
}
Event: 3,823 GC heap before
{Heap before GC invocations=2 (full 0):
 PSYoungGen      total 36352K, used 35430K [0x00000000eab00000, 0x00000000ef200000, 0x0000000100000000)
  eden space 31232K, 100% used [0x00000000eab00000,0x00000000ec980000,0x00000000ec980000)
  from space 5120K, 82% used [0x00000000ec980000,0x00000000ecd99b48,0x00000000ece80000)
  to   space 5120K, 0% used [0x00000000eed00000,0x00000000eed00000,0x00000000ef200000)
 ParOldGen       total 83456K, used 8K [0x00000000c0000000, 0x00000000c5180000, 0x00000000eab00000)
  object space 83456K, 0% used [0x00000000c0000000,0x00000000c0002000,0x00000000c5180000)
 Metaspace       used 11748K, capacity 12098K, committed 12288K, reserved 1060864K
  class space    used 1618K, capacity 1739K, committed 1792K, reserved 1048576K
Event: 3,891 GC heap after
Heap after GC invocations=2 (full 0):
 PSYoungGen      total 67584K, used 5116K [0x00000000eab00000, 0x00000000ef200000, 0x0000000100000000)
  eden space 62464K, 0% used [0x00000000eab00000,0x00000000eab00000,0x00000000ee800000)
  from space 5120K, 99% used [0x00000000eed00000,0x00000000ef1ff180,0x00000000ef200000)
  to   space 5120K, 0% used [0x00000000ee800000,0x00000000ee800000,0x00000000eed00000)
 ParOldGen       total 83456K, used 636K [0x00000000c0000000, 0x00000000c5180000, 0x00000000eab00000)
  object space 83456K, 0% used [0x00000000c0000000,0x00000000c009f1c8,0x00000000c5180000)
 Metaspace       used 11748K, capacity 12098K, committed 12288K, reserved 1060864K
  class space    used 1618K, capacity 1739K, committed 1792K, reserved 1048576K
}
Event: 6,994 GC heap before
{Heap before GC invocations=3 (full 0):
 PSYoungGen      total 67584K, used 67060K [0x00000000eab00000, 0x00000000ef200000, 0x0000000100000000)
  eden space 62464K, 99% used [0x00000000eab00000,0x00000000ee77e020,0x00000000ee800000)
  from space 5120K, 99% used [0x00000000eed00000,0x00000000ef1ff180,0x00000000ef200000)
  to   space 5120K, 0% used [0x00000000ee800000,0x00000000ee800000,0x00000000eed00000)
 ParOldGen       total 83456K, used 636K [0x00000000c0000000, 0x00000000c5180000, 0x00000000eab00000)
  object space 83456K, 0% used [0x00000000c0000000,0x00000000c009f1c8,0x00000000c5180000)
 Metaspace       used 20105K, capacity 20470K, committed 20608K, reserved 1067008K
  class space    used 2816K, capacity 2943K, committed 2944K, reserved 1048576K
Event: 7,049 GC heap after
Heap after GC invocations=3 (full 0):
 PSYoungGen      total 67584K, used 5103K [0x00000000eab00000, 0x00000000f2f00000, 0x0000000100000000)
  eden space 62464K, 0% used [0x00000000eab00000,0x00000000eab00000,0x00000000ee800000)
  from space 5120K, 99% used [0x00000000ee800000,0x00000000eecfbc50,0x00000000eed00000)
  to   space 5120K, 0% used [0x00000000f2a00000,0x00000000f2a00000,0x00000000f2f00000)
 ParOldGen       total 83456K, used 8121K [0x00000000c0000000, 0x00000000c5180000, 0x00000000eab00000)
  object space 83456K, 9% used [0x00000000c0000000,0x00000000c07ee5f0,0x00000000c5180000)
 Metaspace       used 20105K, capacity 20470K, committed 20608K, reserved 1067008K
  class space    used 2816K, capacity 2943K, committed 2944K, reserved 1048576K
}

